gyp info it worked if it ends with ok
gyp info using node-gyp@1.0.2
gyp info using node@0.12.1 | darwin | x64
child_process: customFds option is deprecated, use stdio instead.
gyp info spawn python
gyp info spawn args [ '/usr/local/lib/node_modules/npm/node_modules/node-gyp/gyp/gyp_main.py',
gyp info spawn args   'binding.gyp',
gyp info spawn args   '-f',
gyp info spawn args   'make',
gyp info spawn args   '-I',
gyp info spawn args   '/Users/snail/Desktop/DuoRou/node_modules/connect-mongo/node_modules/mongodb/node_modules/kerberos/build/config.gypi',
gyp info spawn args   '-I',
gyp info spawn args   '/usr/local/lib/node_modules/npm/node_modules/node-gyp/addon.gypi',
gyp info spawn args   '-I',
gyp info spawn args   '/Users/snail/.node-gyp/0.12.1/common.gypi',
gyp info spawn args   '-Dlibrary=shared_library',
gyp info spawn args   '-Dvisibility=default',
gyp info spawn args   '-Dnode_root_dir=/Users/snail/.node-gyp/0.12.1',
gyp info spawn args   '-Dmodule_root_dir=/Users/snail/Desktop/DuoRou/node_modules/connect-mongo/node_modules/mongodb/node_modules/kerberos',
gyp info spawn args   '--depth=.',
gyp info spawn args   '--no-parallel',
gyp info spawn args   '--generator-output',
gyp info spawn args   'build',
gyp info spawn args   '-Goutput_dir=.' ]
2016-01-23 11:41:11.370 xcodebuild[14139:249661] [MT] PluginLoading: Required plug-in compatibility UUID 7FDF5C7A-131F-4ABB-9EDC-8C5F8F0B8A90 for plug-in at path '~/Library/Application Support/Developer/Shared/Xcode/Plug-ins/XAlign.xcplugin' not present in DVTPlugInCompatibilityUUIDs
2016-01-23 11:41:11.374 xcodebuild[14139:249661] [MT] PluginLoading: Required plug-in compatibility UUID 7FDF5C7A-131F-4ABB-9EDC-8C5F8F0B8A90 for plug-in at path '~/Library/Application Support/Developer/Shared/Xcode/Plug-ins/Alcatraz.xcplugin' not present in DVTPlugInCompatibilityUUIDs
2016-01-23 11:41:11.375 xcodebuild[14139:249661] Failed to load plugin at: /Users/snail/Library/Application Support/Developer/Shared/Xcode/Plug-ins/Alcatraz.xcplugin, skipping.  Reason for failure: *** -[__NSPlaceholderDictionary initWithObjects:forKeys:count:]: attempt to insert nil object from objects[0]
gyp info spawn make
gyp info spawn args [ 'BUILDTYPE=Release', '-C', 'build' ]
In file included from ../lib/kerberos.cc:1:
../lib/kerberos.h:32:48: error: unknown type name 'Arguments'; did you mean 'v8::internal::Arguments'?
  static Handle<Value> AuthGSSClientInit(const Arguments &args);
                                               ^~~~~~~~~
                                               v8::internal::Arguments
/Users/snail/.node-gyp/0.12.1/deps/v8/include/v8.h:127:7: note: 'v8::internal::Arguments' declared here
class Arguments;
      ^
In file included from ../lib/kerberos.cc:1:
../lib/kerberos.h:33:48: error: unknown type name 'Arguments'; did you mean 'v8::internal::Arguments'?
  static Handle<Value> AuthGSSClientStep(const Arguments &args);
                                               ^~~~~~~~~
                                               v8::internal::Arguments
/Users/snail/.node-gyp/0.12.1/deps/v8/include/v8.h:127:7: note: 'v8::internal::Arguments' declared here
class Arguments;
      ^
In file included from ../lib/kerberos.cc:1:
../lib/kerberos.h:34:50: error: unknown type name 'Arguments'; did you mean 'v8::internal::Arguments'?
  static Handle<Value> AuthGSSClientUnwrap(const Arguments &args);
                                                 ^~~~~~~~~
                                                 v8::internal::Arguments
/Users/snail/.node-gyp/0.12.1/deps/v8/include/v8.h:127:7: note: 'v8::internal::Arguments' declared here
class Arguments;
      ^
In file included from ../lib/kerberos.cc:1:
../lib/kerberos.h:35:48: error: unknown type name 'Arguments'; did you mean 'v8::internal::Arguments'?
  static Handle<Value> AuthGSSClientWrap(const Arguments &args);
                                               ^~~~~~~~~
                                               v8::internal::Arguments
/Users/snail/.node-gyp/0.12.1/deps/v8/include/v8.h:127:7: note: 'v8::internal::Arguments' declared here
class Arguments;
      ^
In file included from ../lib/kerberos.cc:1:
../lib/kerberos.h:36:49: error: unknown type name 'Arguments'; did you mean 'v8::internal::Arguments'?
  static Handle<Value> AuthGSSClientClean(const Arguments &args);
                                                ^~~~~~~~~
                                                v8::internal::Arguments
/Users/snail/.node-gyp/0.12.1/deps/v8/include/v8.h:127:7: note: 'v8::internal::Arguments' declared here
class Arguments;
      ^
In file included from ../lib/kerberos.cc:1:
../lib/kerberos.h:39:34: error: unknown type name 'Arguments'; did you mean 'v8::internal::Arguments'?
  static Handle<Value> New(const Arguments &args);  
                                 ^~~~~~~~~
                                 v8::internal::Arguments
/Users/snail/.node-gyp/0.12.1/deps/v8/include/v8.h:127:7: note: 'v8::internal::Arguments' declared here
class Arguments;
      ^
In file included from ../lib/kerberos.cc:1:
../lib/kerberos.h:42:23: error: unknown type name 'uv_work_t'
  static void Process(uv_work_t* work_req);
                      ^
../lib/kerberos.h:44:21: error: unknown type name 'uv_work_t'
  static void After(uv_work_t* work_req);
                    ^
In file included from ../lib/kerberos.cc:3:
../lib/worker.h:17:5: error: unknown type name 'uv_work_t'
    uv_work_t request;
    ^
In file included from ../lib/kerberos.cc:4:
../lib/kerberos_context.h:44:34: error: unknown type name 'Arguments'; did you mean 'v8::internal::Arguments'?
  static Handle<Value> New(const Arguments &args);  
                                 ^~~~~~~~~
                                 v8::internal::Arguments
/Users/snail/.node-gyp/0.12.1/deps/v8/include/v8.h:127:7: note: 'v8::internal::Arguments' declared here
class Arguments;
      ^
In file included from ../lib/kerberos.cc:4:
../lib/kerberos_context.h:46:69: error: unknown type name 'AccessorInfo'
  static Handle<Value> ResponseGetter(Local<String> property, const AccessorInfo& info);  
                                                                    ^
../lib/kerberos_context.h:28:32: error: member reference type 'Persistent<v8::FunctionTemplate>' is not a pointer; maybe you meant to use '.'?
    return constructor_template->HasInstance(obj);
           ~~~~~~~~~~~~~~~~~~~~^~
                               .
../lib/kerberos_context.h:28:34: error: no member named 'HasInstance' in 'v8::Persistent<v8::FunctionTemplate, v8::NonCopyablePersistentTraits<v8::FunctionTemplate> >'
    return constructor_template->HasInstance(obj);
           ~~~~~~~~~~~~~~~~~~~~  ^
../lib/kerberos.cc:40:15: error: calling a protected constructor of class 'v8::HandleScope'
  HandleScope scope;
              ^
/Users/snail/.node-gyp/0.12.1/deps/v8/include/v8.h:816:13: note: declared protected here
  V8_INLINE HandleScope() {}
            ^
../lib/kerberos.cc:41:42: error: no member named 'New' in 'v8::String'; did you mean 'KerberosContext::New'?
  return ThrowException(Exception::Error(String::New(msg)));
                                         ^~~~~~~~~~~
                                         KerberosContext::New
../lib/kerberos_context.h:38:27: note: 'KerberosContext::New' declared here
  static KerberosContext* New();
                          ^
../lib/kerberos.cc:41:54: error: too many arguments to function call, expected 0, have 1
  return ThrowException(Exception::Error(String::New(msg)));
                                         ~~~~~~~~~~~ ^~~
../lib/kerberos_context.h:38:3: note: 'New' declared here
  static KerberosContext* New();
  ^
../lib/kerberos.cc:49:15: error: calling a protected constructor of class 'v8::HandleScope'
  HandleScope scope;
              ^
/Users/snail/.node-gyp/0.12.1/deps/v8/include/v8.h:816:13: note: declared protected here
  V8_INLINE HandleScope() {}
            ^
../lib/kerberos.cc:51:53: error: cannot initialize a parameter of type 'v8::Isolate *' with an lvalue of type 'Handle<v8::Value> (const v8::internal::Arguments &)'
  Local<FunctionTemplate> t = FunctionTemplate::New(Kerberos::New);
                                                    ^~~~~~~~~~~~~
/Users/snail/.node-gyp/0.12.1/deps/v8/include/v8.h:3456:16: note: passing argument to parameter 'isolate' here
      Isolate* isolate,
               ^
../lib/kerberos.cc:52:56: error: 'New' is a private member of 'v8::PersistentBase<v8::FunctionTemplate>'
  constructor_template = Persistent<FunctionTemplate>::New(t);
                                                       ^
/Users/snail/.node-gyp/0.12.1/deps/v8/include/v8.h:572:23: note: declared private here
  V8_INLINE static T* New(Isolate* isolate, T* that);
                      ^
fatal error: too many errors emitted, stopping now [-ferror-limit=]
20 errors generated.
make: *** [Release/obj.target/kerberos/lib/kerberos.o] Error 1
gyp ERR! build error 
gyp ERR! stack Error: `make` failed with exit code: 2
gyp ERR! stack     at ChildProcess.onExit (/usr/local/lib/node_modules/npm/node_modules/node-gyp/lib/build.js:267:23)
gyp ERR! stack     at ChildProcess.emit (events.js:110:17)
gyp ERR! stack     at Process.ChildProcess._handle.onexit (child_process.js:1067:12)
gyp ERR! System Darwin 15.2.0
gyp ERR! command "node" "/usr/local/lib/node_modules/npm/node_modules/node-gyp/bin/node-gyp.js" "rebuild"
gyp ERR! cwd /Users/snail/Desktop/DuoRou/node_modules/connect-mongo/node_modules/mongodb/node_modules/kerberos
gyp ERR! node -v v0.12.1
gyp ERR! node-gyp -v v1.0.2
gyp ERR! not ok 
