gyp info it worked if it ends with ok
gyp info using node-gyp@1.0.2
gyp info using node@0.12.1 | darwin | x64
child_process: customFds option is deprecated, use stdio instead.
gyp info spawn python
gyp info spawn args [ '/usr/local/lib/node_modules/npm/node_modules/node-gyp/gyp/gyp_main.py',
gyp info spawn args   'binding.gyp',
gyp info spawn args   '-f',
gyp info spawn args   'make',
gyp info spawn args   '-I',
gyp info spawn args   '/Users/snail/Desktop/DuoRou/node_modules/connect-mongo/node_modules/mongodb/node_modules/bson/build/config.gypi',
gyp info spawn args   '-I',
gyp info spawn args   '/usr/local/lib/node_modules/npm/node_modules/node-gyp/addon.gypi',
gyp info spawn args   '-I',
gyp info spawn args   '/Users/snail/.node-gyp/0.12.1/common.gypi',
gyp info spawn args   '-Dlibrary=shared_library',
gyp info spawn args   '-Dvisibility=default',
gyp info spawn args   '-Dnode_root_dir=/Users/snail/.node-gyp/0.12.1',
gyp info spawn args   '-Dmodule_root_dir=/Users/snail/Desktop/DuoRou/node_modules/connect-mongo/node_modules/mongodb/node_modules/bson',
gyp info spawn args   '--depth=.',
gyp info spawn args   '--no-parallel',
gyp info spawn args   '--generator-output',
gyp info spawn args   'build',
gyp info spawn args   '-Goutput_dir=.' ]
2016-01-23 11:41:15.433 xcodebuild[14173:249807] [MT] PluginLoading: Required plug-in compatibility UUID 7FDF5C7A-131F-4ABB-9EDC-8C5F8F0B8A90 for plug-in at path '~/Library/Application Support/Developer/Shared/Xcode/Plug-ins/XAlign.xcplugin' not present in DVTPlugInCompatibilityUUIDs
2016-01-23 11:41:15.436 xcodebuild[14173:249807] [MT] PluginLoading: Required plug-in compatibility UUID 7FDF5C7A-131F-4ABB-9EDC-8C5F8F0B8A90 for plug-in at path '~/Library/Application Support/Developer/Shared/Xcode/Plug-ins/Alcatraz.xcplugin' not present in DVTPlugInCompatibilityUUIDs
2016-01-23 11:41:15.436 xcodebuild[14173:249807] Failed to load plugin at: /Users/snail/Library/Application Support/Developer/Shared/Xcode/Plug-ins/Alcatraz.xcplugin, skipping.  Reason for failure: *** -[__NSPlaceholderDictionary initWithObjects:forKeys:count:]: attempt to insert nil object from objects[0]
gyp info spawn make
gyp info spawn args [ 'BUILDTYPE=Release', '-C', 'build' ]
In file included from ../ext/bson.cc:35:
In file included from ../ext/bson.h:17:
../ext/nan.h:339:13: error: no member named 'New' in 'v8::String'
    return  _NAN_ERROR(v8::Exception::Error, errmsg);
            ^~~~~~~~~~~~~~~~~~~~~~~~~~~~~~~~~~~~~~~~
../ext/nan.h:319:50: note: expanded from macro '_NAN_ERROR'
# define _NAN_ERROR(fun, errmsg) fun(v8::String::New(errmsg))
                                     ~~~~~~~~~~~~^
../ext/nan.h:343:5: error: no member named 'ThrowException' in namespace 'v8'
    _NAN_THROW_ERROR(v8::Exception::Error, errmsg);
    ^~~~~~~~~~~~~~~~~~~~~~~~~~~~~~~~~~~~~~~~~~~~~~
../ext/nan.h:324:11: note: expanded from macro '_NAN_THROW_ERROR'
      v8::ThrowException(_NAN_ERROR(fun, errmsg));                             \
      ~~~~^
../ext/nan.h:343:5: error: no member named 'New' in 'v8::String'
    _NAN_THROW_ERROR(v8::Exception::Error, errmsg);
    ^~~~~~~~~~~~~~~~~~~~~~~~~~~~~~~~~~~~~~~~~~~~~~
../ext/nan.h:324:26: note: expanded from macro '_NAN_THROW_ERROR'
      v8::ThrowException(_NAN_ERROR(fun, errmsg));                             \
                         ^~~~~~~~~~~~~~~~~~~~~~~
../ext/nan.h:319:50: note: expanded from macro '_NAN_ERROR'
# define _NAN_ERROR(fun, errmsg) fun(v8::String::New(errmsg))
                                     ~~~~~~~~~~~~^
../ext/nan.h:348:9: error: no type named 'ThrowException' in namespace 'v8'
    v8::ThrowException(error);
    ~~~~^
../ext/nan.h:355:65: error: no member named 'New' in 'v8::String'
    v8::Local<v8::Value> err = v8::Exception::Error(v8::String::New(msg));
                                                    ~~~~~~~~~~~~^
../ext/nan.h:357:26: error: no member named 'New' in 'v8::String'
    obj->Set(v8::String::New("code"), v8::Int32::New(errorNumber));
             ~~~~~~~~~~~~^
../ext/nan.h:357:65: error: too few arguments to function call, expected 2, have 1
    obj->Set(v8::String::New("code"), v8::Int32::New(errorNumber));
                                      ~~~~~~~~~~~~~~            ^
/Users/snail/.node-gyp/0.12.1/deps/v8/include/v8.h:2012:3: note: 'New' declared here
  static Local<Integer> New(Isolate* isolate, int32_t value);
  ^
In file included from ../ext/bson.cc:35:
In file included from ../ext/bson.h:17:
../ext/nan.h:369:12: error: no member named 'New' in 'v8::String'
    return _NAN_ERROR(v8::Exception::TypeError, errmsg);
           ^~~~~~~~~~~~~~~~~~~~~~~~~~~~~~~~~~~~~~~~~~~~
../ext/nan.h:319:50: note: expanded from macro '_NAN_ERROR'
# define _NAN_ERROR(fun, errmsg) fun(v8::String::New(errmsg))
                                     ~~~~~~~~~~~~^
../ext/nan.h:373:5: error: no member named 'ThrowException' in namespace 'v8'
    _NAN_THROW_ERROR(v8::Exception::TypeError, errmsg);
    ^~~~~~~~~~~~~~~~~~~~~~~~~~~~~~~~~~~~~~~~~~~~~~~~~~
../ext/nan.h:324:11: note: expanded from macro '_NAN_THROW_ERROR'
      v8::ThrowException(_NAN_ERROR(fun, errmsg));                             \
      ~~~~^
../ext/nan.h:373:5: error: no member named 'New' in 'v8::String'
    _NAN_THROW_ERROR(v8::Exception::TypeError, errmsg);
    ^~~~~~~~~~~~~~~~~~~~~~~~~~~~~~~~~~~~~~~~~~~~~~~~~~
../ext/nan.h:324:26: note: expanded from macro '_NAN_THROW_ERROR'
      v8::ThrowException(_NAN_ERROR(fun, errmsg));                             \
                         ^~~~~~~~~~~~~~~~~~~~~~~
../ext/nan.h:319:50: note: expanded from macro '_NAN_ERROR'
# define _NAN_ERROR(fun, errmsg) fun(v8::String::New(errmsg))
                                     ~~~~~~~~~~~~^
../ext/nan.h:377:12: error: no member named 'New' in 'v8::String'
    return _NAN_ERROR(v8::Exception::RangeError, errmsg);
           ^~~~~~~~~~~~~~~~~~~~~~~~~~~~~~~~~~~~~~~~~~~~~
../ext/nan.h:319:50: note: expanded from macro '_NAN_ERROR'
# define _NAN_ERROR(fun, errmsg) fun(v8::String::New(errmsg))
                                     ~~~~~~~~~~~~^
../ext/nan.h:381:5: error: no member named 'ThrowException' in namespace 'v8'
    _NAN_THROW_ERROR(v8::Exception::RangeError, errmsg);
    ^~~~~~~~~~~~~~~~~~~~~~~~~~~~~~~~~~~~~~~~~~~~~~~~~~~
../ext/nan.h:324:11: note: expanded from macro '_NAN_THROW_ERROR'
      v8::ThrowException(_NAN_ERROR(fun, errmsg));                             \
      ~~~~^
../ext/nan.h:381:5: error: no member named 'New' in 'v8::String'
    _NAN_THROW_ERROR(v8::Exception::RangeError, errmsg);
    ^~~~~~~~~~~~~~~~~~~~~~~~~~~~~~~~~~~~~~~~~~~~~~~~~~~
../ext/nan.h:324:26: note: expanded from macro '_NAN_THROW_ERROR'
      v8::ThrowException(_NAN_ERROR(fun, errmsg));                             \
                         ^~~~~~~~~~~~~~~~~~~~~~~
../ext/nan.h:319:50: note: expanded from macro '_NAN_ERROR'
# define _NAN_ERROR(fun, errmsg) fun(v8::String::New(errmsg))
                                     ~~~~~~~~~~~~^
../ext/nan.h:727:49: error: too few arguments to function call, single argument 'isolate' was not specified
    v8::Local<v8::Object> obj = v8::Object::New();
                                ~~~~~~~~~~~~~~~ ^
/Users/snail/.node-gyp/0.12.1/deps/v8/include/v8.h:2388:3: note: 'New' declared here
  static Local<Object> New(Isolate* isolate);
  ^
In file included from ../ext/bson.cc:35:
In file included from ../ext/bson.h:17:
../ext/nan.h:733:49: error: too few arguments to function call, single argument 'isolate' was not specified
    v8::Local<v8::Object> obj = v8::Object::New();
                                ~~~~~~~~~~~~~~~ ^
/Users/snail/.node-gyp/0.12.1/deps/v8/include/v8.h:2388:3: note: 'New' declared here
  static Local<Object> New(Isolate* isolate);
  ^
In file included from ../ext/bson.cc:35:
In file included from ../ext/bson.h:17:
../ext/nan.h:740:12: error: no member named 'Dispose' in 'v8::Persistent<v8::Object, v8::NonCopyablePersistentTraits<v8::Object> >'
    handle.Dispose();
    ~~~~~~ ^
../ext/nan.h:741:12: error: no member named 'Clear' in 'v8::Persistent<v8::Object, v8::NonCopyablePersistentTraits<v8::Object> >'
    handle.Clear();
    ~~~~~~ ^
../ext/nan.h:746:39: error: no member named 'NewSymbol' in 'v8::String'; did you mean 'IsSymbol'?
    NanPersistentToLocal(handle)->Set(NanSymbol("callback"), fn);
                                      ^~~~~~~~~~~~~~~~~~~~~
../ext/nan.h:181:38: note: expanded from macro 'NanSymbol'
#define NanSymbol(value) v8::String::NewSymbol(value)
                         ~~~~~~~~~~~~^
/Users/snail/.node-gyp/0.12.1/deps/v8/include/v8.h:1379:8: note: 'IsSymbol' declared here
  bool IsSymbol() const;
       ^
In file included from ../ext/bson.cc:35:
In file included from ../ext/bson.h:17:
../ext/nan.h:746:39: error: call to non-static member function without an object argument
    NanPersistentToLocal(handle)->Set(NanSymbol("callback"), fn);
                                      ^~~~~~~~~~~~~~~~~~~~~
../ext/nan.h:181:38: note: expanded from macro 'NanSymbol'
#define NanSymbol(value) v8::String::NewSymbol(value)
                         ~~~~~~~~~~~~^~~~~~~~~
fatal error: too many errors emitted, stopping now [-ferror-limit=]
20 errors generated.
make: *** [Release/obj.target/bson/ext/bson.o] Error 1
gyp ERR! build error 
gyp ERR! stack Error: `make` failed with exit code: 2
gyp ERR! stack     at ChildProcess.onExit (/usr/local/lib/node_modules/npm/node_modules/node-gyp/lib/build.js:267:23)
gyp ERR! stack     at ChildProcess.emit (events.js:110:17)
gyp ERR! stack     at Process.ChildProcess._handle.onexit (child_process.js:1067:12)
gyp ERR! System Darwin 15.2.0
gyp ERR! command "node" "/usr/local/lib/node_modules/npm/node_modules/node-gyp/bin/node-gyp.js" "rebuild"
gyp ERR! cwd /Users/snail/Desktop/DuoRou/node_modules/connect-mongo/node_modules/mongodb/node_modules/bson
gyp ERR! node -v v0.12.1
gyp ERR! node-gyp -v v1.0.2
gyp ERR! not ok 
